<?xml version="1.0" encoding="UTF-8"?>
<testsuite xmlns:xsi="http://www.w3.org/2001/XMLSchema-instance" xsi:noNamespaceSchemaLocation="https://maven.apache.org/surefire/maven-surefire-plugin/xsd/surefire-test-report.xsd" name="com.evoluum.localidades.service.ServiceLocationsTest" time="0.016" tests="1" errors="0" skipped="0" failures="0">
  <properties>
    <property name="java.specification.version" value="17"/>
    <property name="sun.jnu.encoding" value="UTF-8"/>
    <property name="java.class.path" value="/home/marcus/Documentos/Evoluum/Localidades/target/test-classes:/home/marcus/Documentos/Evoluum/Localidades/target/classes:/home/marcus/.m2/repository/org/springframework/boot/spring-boot-starter-data-redis/2.6.4/spring-boot-starter-data-redis-2.6.4.jar:/home/marcus/.m2/repository/org/springframework/boot/spring-boot-starter/2.6.4/spring-boot-starter-2.6.4.jar:/home/marcus/.m2/repository/org/springframework/boot/spring-boot-starter-logging/2.6.4/spring-boot-starter-logging-2.6.4.jar:/home/marcus/.m2/repository/ch/qos/logback/logback-classic/1.2.10/logback-classic-1.2.10.jar:/home/marcus/.m2/repository/ch/qos/logback/logback-core/1.2.10/logback-core-1.2.10.jar:/home/marcus/.m2/repository/org/apache/logging/log4j/log4j-to-slf4j/2.17.1/log4j-to-slf4j-2.17.1.jar:/home/marcus/.m2/repository/org/apache/logging/log4j/log4j-api/2.17.1/log4j-api-2.17.1.jar:/home/marcus/.m2/repository/org/slf4j/jul-to-slf4j/1.7.36/jul-to-slf4j-1.7.36.jar:/home/marcus/.m2/repository/jakarta/annotation/jakarta.annotation-api/1.3.5/jakarta.annotation-api-1.3.5.jar:/home/marcus/.m2/repository/org/yaml/snakeyaml/1.29/snakeyaml-1.29.jar:/home/marcus/.m2/repository/org/springframework/data/spring-data-redis/2.6.2/spring-data-redis-2.6.2.jar:/home/marcus/.m2/repository/org/springframework/data/spring-data-keyvalue/2.6.2/spring-data-keyvalue-2.6.2.jar:/home/marcus/.m2/repository/org/springframework/data/spring-data-commons/2.6.2/spring-data-commons-2.6.2.jar:/home/marcus/.m2/repository/org/springframework/spring-tx/5.3.16/spring-tx-5.3.16.jar:/home/marcus/.m2/repository/org/springframework/spring-oxm/5.3.16/spring-oxm-5.3.16.jar:/home/marcus/.m2/repository/org/springframework/spring-aop/5.3.16/spring-aop-5.3.16.jar:/home/marcus/.m2/repository/org/slf4j/slf4j-api/1.7.36/slf4j-api-1.7.36.jar:/home/marcus/.m2/repository/io/lettuce/lettuce-core/6.1.6.RELEASE/lettuce-core-6.1.6.RELEASE.jar:/home/marcus/.m2/repository/io/netty/netty-common/4.1.74.Final/netty-common-4.1.74.Final.jar:/home/marcus/.m2/repository/io/netty/netty-handler/4.1.74.Final/netty-handler-4.1.74.Final.jar:/home/marcus/.m2/repository/io/netty/netty-resolver/4.1.74.Final/netty-resolver-4.1.74.Final.jar:/home/marcus/.m2/repository/io/netty/netty-buffer/4.1.74.Final/netty-buffer-4.1.74.Final.jar:/home/marcus/.m2/repository/io/netty/netty-codec/4.1.74.Final/netty-codec-4.1.74.Final.jar:/home/marcus/.m2/repository/io/netty/netty-tcnative-classes/2.0.48.Final/netty-tcnative-classes-2.0.48.Final.jar:/home/marcus/.m2/repository/io/netty/netty-transport/4.1.74.Final/netty-transport-4.1.74.Final.jar:/home/marcus/.m2/repository/io/projectreactor/reactor-core/3.4.15/reactor-core-3.4.15.jar:/home/marcus/.m2/repository/org/reactivestreams/reactive-streams/1.0.3/reactive-streams-1.0.3.jar:/home/marcus/.m2/repository/org/springframework/boot/spring-boot-starter-cache/2.6.4/spring-boot-starter-cache-2.6.4.jar:/home/marcus/.m2/repository/org/springframework/spring-context-support/5.3.16/spring-context-support-5.3.16.jar:/home/marcus/.m2/repository/org/springframework/spring-beans/5.3.16/spring-beans-5.3.16.jar:/home/marcus/.m2/repository/org/springframework/spring-context/5.3.16/spring-context-5.3.16.jar:/home/marcus/.m2/repository/org/springframework/boot/spring-boot-starter-web/2.6.4/spring-boot-starter-web-2.6.4.jar:/home/marcus/.m2/repository/org/springframework/boot/spring-boot-starter-json/2.6.4/spring-boot-starter-json-2.6.4.jar:/home/marcus/.m2/repository/com/fasterxml/jackson/core/jackson-databind/2.13.1/jackson-databind-2.13.1.jar:/home/marcus/.m2/repository/com/fasterxml/jackson/core/jackson-annotations/2.13.1/jackson-annotations-2.13.1.jar:/home/marcus/.m2/repository/com/fasterxml/jackson/core/jackson-core/2.13.1/jackson-core-2.13.1.jar:/home/marcus/.m2/repository/com/fasterxml/jackson/datatype/jackson-datatype-jdk8/2.13.1/jackson-datatype-jdk8-2.13.1.jar:/home/marcus/.m2/repository/com/fasterxml/jackson/datatype/jackson-datatype-jsr310/2.13.1/jackson-datatype-jsr310-2.13.1.jar:/home/marcus/.m2/repository/com/fasterxml/jackson/module/jackson-module-parameter-names/2.13.1/jackson-module-parameter-names-2.13.1.jar:/home/marcus/.m2/repository/org/springframework/boot/spring-boot-starter-tomcat/2.6.4/spring-boot-starter-tomcat-2.6.4.jar:/home/marcus/.m2/repository/org/apache/tomcat/embed/tomcat-embed-core/9.0.58/tomcat-embed-core-9.0.58.jar:/home/marcus/.m2/repository/org/apache/tomcat/embed/tomcat-embed-el/9.0.58/tomcat-embed-el-9.0.58.jar:/home/marcus/.m2/repository/org/apache/tomcat/embed/tomcat-embed-websocket/9.0.58/tomcat-embed-websocket-9.0.58.jar:/home/marcus/.m2/repository/org/springframework/spring-web/5.3.16/spring-web-5.3.16.jar:/home/marcus/.m2/repository/org/springframework/spring-webmvc/5.3.16/spring-webmvc-5.3.16.jar:/home/marcus/.m2/repository/org/springframework/spring-expression/5.3.16/spring-expression-5.3.16.jar:/home/marcus/.m2/repository/org/springframework/boot/spring-boot-devtools/2.6.4/spring-boot-devtools-2.6.4.jar:/home/marcus/.m2/repository/org/springframework/boot/spring-boot/2.6.4/spring-boot-2.6.4.jar:/home/marcus/.m2/repository/org/springframework/boot/spring-boot-autoconfigure/2.6.4/spring-boot-autoconfigure-2.6.4.jar:/home/marcus/.m2/repository/org/springframework/boot/spring-boot-starter-test/2.6.4/spring-boot-starter-test-2.6.4.jar:/home/marcus/.m2/repository/org/springframework/boot/spring-boot-test/2.6.4/spring-boot-test-2.6.4.jar:/home/marcus/.m2/repository/org/springframework/boot/spring-boot-test-autoconfigure/2.6.4/spring-boot-test-autoconfigure-2.6.4.jar:/home/marcus/.m2/repository/com/jayway/jsonpath/json-path/2.6.0/json-path-2.6.0.jar:/home/marcus/.m2/repository/net/minidev/json-smart/2.4.8/json-smart-2.4.8.jar:/home/marcus/.m2/repository/net/minidev/accessors-smart/2.4.8/accessors-smart-2.4.8.jar:/home/marcus/.m2/repository/org/ow2/asm/asm/9.1/asm-9.1.jar:/home/marcus/.m2/repository/jakarta/xml/bind/jakarta.xml.bind-api/2.3.3/jakarta.xml.bind-api-2.3.3.jar:/home/marcus/.m2/repository/jakarta/activation/jakarta.activation-api/1.2.2/jakarta.activation-api-1.2.2.jar:/home/marcus/.m2/repository/org/assertj/assertj-core/3.21.0/assertj-core-3.21.0.jar:/home/marcus/.m2/repository/org/hamcrest/hamcrest/2.2/hamcrest-2.2.jar:/home/marcus/.m2/repository/org/junit/jupiter/junit-jupiter/5.8.2/junit-jupiter-5.8.2.jar:/home/marcus/.m2/repository/org/junit/jupiter/junit-jupiter-api/5.8.2/junit-jupiter-api-5.8.2.jar:/home/marcus/.m2/repository/org/opentest4j/opentest4j/1.2.0/opentest4j-1.2.0.jar:/home/marcus/.m2/repository/org/junit/platform/junit-platform-commons/1.8.2/junit-platform-commons-1.8.2.jar:/home/marcus/.m2/repository/org/apiguardian/apiguardian-api/1.1.2/apiguardian-api-1.1.2.jar:/home/marcus/.m2/repository/org/junit/jupiter/junit-jupiter-params/5.8.2/junit-jupiter-params-5.8.2.jar:/home/marcus/.m2/repository/org/junit/jupiter/junit-jupiter-engine/5.8.2/junit-jupiter-engine-5.8.2.jar:/home/marcus/.m2/repository/org/junit/platform/junit-platform-engine/1.8.2/junit-platform-engine-1.8.2.jar:/home/marcus/.m2/repository/org/mockito/mockito-core/4.0.0/mockito-core-4.0.0.jar:/home/marcus/.m2/repository/net/bytebuddy/byte-buddy/1.11.22/byte-buddy-1.11.22.jar:/home/marcus/.m2/repository/net/bytebuddy/byte-buddy-agent/1.11.22/byte-buddy-agent-1.11.22.jar:/home/marcus/.m2/repository/org/objenesis/objenesis/3.2/objenesis-3.2.jar:/home/marcus/.m2/repository/org/mockito/mockito-junit-jupiter/4.0.0/mockito-junit-jupiter-4.0.0.jar:/home/marcus/.m2/repository/org/skyscreamer/jsonassert/1.5.0/jsonassert-1.5.0.jar:/home/marcus/.m2/repository/com/vaadin/external/google/android-json/0.0.20131108.vaadin1/android-json-0.0.20131108.vaadin1.jar:/home/marcus/.m2/repository/org/springframework/spring-core/5.3.16/spring-core-5.3.16.jar:/home/marcus/.m2/repository/org/springframework/spring-jcl/5.3.16/spring-jcl-5.3.16.jar:/home/marcus/.m2/repository/org/springframework/spring-test/5.3.16/spring-test-5.3.16.jar:/home/marcus/.m2/repository/org/xmlunit/xmlunit-core/2.8.4/xmlunit-core-2.8.4.jar:"/>
    <property name="java.vm.vendor" value="GraalVM Community"/>
    <property name="sun.arch.data.model" value="64"/>
    <property name="java.vendor.url" value="https://www.graalvm.org/"/>
    <property name="os.name" value="Linux"/>
    <property name="java.vm.specification.version" value="17"/>
    <property name="sun.java.launcher" value="SUN_STANDARD"/>
    <property name="user.country" value="BR"/>
    <property name="sun.boot.library.path" value="/home/marcus/graalvm-ce-java17-21.3.0/graalvm-ce-java17-21.3.0/lib"/>
    <property name="sun.java.command" value="/home/marcus/Documentos/Evoluum/Localidades/target/surefire/surefirebooter9268932075392356420.jar /home/marcus/Documentos/Evoluum/Localidades/target/surefire 2022-03-20T23-44-46_924-jvmRun1 surefire10567207237990431230tmp surefire_05069052532883457133tmp"/>
    <property name="jdk.debug" value="release"/>
    <property name="surefire.test.class.path" value="/home/marcus/Documentos/Evoluum/Localidades/target/test-classes:/home/marcus/Documentos/Evoluum/Localidades/target/classes:/home/marcus/.m2/repository/org/springframework/boot/spring-boot-starter-data-redis/2.6.4/spring-boot-starter-data-redis-2.6.4.jar:/home/marcus/.m2/repository/org/springframework/boot/spring-boot-starter/2.6.4/spring-boot-starter-2.6.4.jar:/home/marcus/.m2/repository/org/springframework/boot/spring-boot-starter-logging/2.6.4/spring-boot-starter-logging-2.6.4.jar:/home/marcus/.m2/repository/ch/qos/logback/logback-classic/1.2.10/logback-classic-1.2.10.jar:/home/marcus/.m2/repository/ch/qos/logback/logback-core/1.2.10/logback-core-1.2.10.jar:/home/marcus/.m2/repository/org/apache/logging/log4j/log4j-to-slf4j/2.17.1/log4j-to-slf4j-2.17.1.jar:/home/marcus/.m2/repository/org/apache/logging/log4j/log4j-api/2.17.1/log4j-api-2.17.1.jar:/home/marcus/.m2/repository/org/slf4j/jul-to-slf4j/1.7.36/jul-to-slf4j-1.7.36.jar:/home/marcus/.m2/repository/jakarta/annotation/jakarta.annotation-api/1.3.5/jakarta.annotation-api-1.3.5.jar:/home/marcus/.m2/repository/org/yaml/snakeyaml/1.29/snakeyaml-1.29.jar:/home/marcus/.m2/repository/org/springframework/data/spring-data-redis/2.6.2/spring-data-redis-2.6.2.jar:/home/marcus/.m2/repository/org/springframework/data/spring-data-keyvalue/2.6.2/spring-data-keyvalue-2.6.2.jar:/home/marcus/.m2/repository/org/springframework/data/spring-data-commons/2.6.2/spring-data-commons-2.6.2.jar:/home/marcus/.m2/repository/org/springframework/spring-tx/5.3.16/spring-tx-5.3.16.jar:/home/marcus/.m2/repository/org/springframework/spring-oxm/5.3.16/spring-oxm-5.3.16.jar:/home/marcus/.m2/repository/org/springframework/spring-aop/5.3.16/spring-aop-5.3.16.jar:/home/marcus/.m2/repository/org/slf4j/slf4j-api/1.7.36/slf4j-api-1.7.36.jar:/home/marcus/.m2/repository/io/lettuce/lettuce-core/6.1.6.RELEASE/lettuce-core-6.1.6.RELEASE.jar:/home/marcus/.m2/repository/io/netty/netty-common/4.1.74.Final/netty-common-4.1.74.Final.jar:/home/marcus/.m2/repository/io/netty/netty-handler/4.1.74.Final/netty-handler-4.1.74.Final.jar:/home/marcus/.m2/repository/io/netty/netty-resolver/4.1.74.Final/netty-resolver-4.1.74.Final.jar:/home/marcus/.m2/repository/io/netty/netty-buffer/4.1.74.Final/netty-buffer-4.1.74.Final.jar:/home/marcus/.m2/repository/io/netty/netty-codec/4.1.74.Final/netty-codec-4.1.74.Final.jar:/home/marcus/.m2/repository/io/netty/netty-tcnative-classes/2.0.48.Final/netty-tcnative-classes-2.0.48.Final.jar:/home/marcus/.m2/repository/io/netty/netty-transport/4.1.74.Final/netty-transport-4.1.74.Final.jar:/home/marcus/.m2/repository/io/projectreactor/reactor-core/3.4.15/reactor-core-3.4.15.jar:/home/marcus/.m2/repository/org/reactivestreams/reactive-streams/1.0.3/reactive-streams-1.0.3.jar:/home/marcus/.m2/repository/org/springframework/boot/spring-boot-starter-cache/2.6.4/spring-boot-starter-cache-2.6.4.jar:/home/marcus/.m2/repository/org/springframework/spring-context-support/5.3.16/spring-context-support-5.3.16.jar:/home/marcus/.m2/repository/org/springframework/spring-beans/5.3.16/spring-beans-5.3.16.jar:/home/marcus/.m2/repository/org/springframework/spring-context/5.3.16/spring-context-5.3.16.jar:/home/marcus/.m2/repository/org/springframework/boot/spring-boot-starter-web/2.6.4/spring-boot-starter-web-2.6.4.jar:/home/marcus/.m2/repository/org/springframework/boot/spring-boot-starter-json/2.6.4/spring-boot-starter-json-2.6.4.jar:/home/marcus/.m2/repository/com/fasterxml/jackson/core/jackson-databind/2.13.1/jackson-databind-2.13.1.jar:/home/marcus/.m2/repository/com/fasterxml/jackson/core/jackson-annotations/2.13.1/jackson-annotations-2.13.1.jar:/home/marcus/.m2/repository/com/fasterxml/jackson/core/jackson-core/2.13.1/jackson-core-2.13.1.jar:/home/marcus/.m2/repository/com/fasterxml/jackson/datatype/jackson-datatype-jdk8/2.13.1/jackson-datatype-jdk8-2.13.1.jar:/home/marcus/.m2/repository/com/fasterxml/jackson/datatype/jackson-datatype-jsr310/2.13.1/jackson-datatype-jsr310-2.13.1.jar:/home/marcus/.m2/repository/com/fasterxml/jackson/module/jackson-module-parameter-names/2.13.1/jackson-module-parameter-names-2.13.1.jar:/home/marcus/.m2/repository/org/springframework/boot/spring-boot-starter-tomcat/2.6.4/spring-boot-starter-tomcat-2.6.4.jar:/home/marcus/.m2/repository/org/apache/tomcat/embed/tomcat-embed-core/9.0.58/tomcat-embed-core-9.0.58.jar:/home/marcus/.m2/repository/org/apache/tomcat/embed/tomcat-embed-el/9.0.58/tomcat-embed-el-9.0.58.jar:/home/marcus/.m2/repository/org/apache/tomcat/embed/tomcat-embed-websocket/9.0.58/tomcat-embed-websocket-9.0.58.jar:/home/marcus/.m2/repository/org/springframework/spring-web/5.3.16/spring-web-5.3.16.jar:/home/marcus/.m2/repository/org/springframework/spring-webmvc/5.3.16/spring-webmvc-5.3.16.jar:/home/marcus/.m2/repository/org/springframework/spring-expression/5.3.16/spring-expression-5.3.16.jar:/home/marcus/.m2/repository/org/springframework/boot/spring-boot-devtools/2.6.4/spring-boot-devtools-2.6.4.jar:/home/marcus/.m2/repository/org/springframework/boot/spring-boot/2.6.4/spring-boot-2.6.4.jar:/home/marcus/.m2/repository/org/springframework/boot/spring-boot-autoconfigure/2.6.4/spring-boot-autoconfigure-2.6.4.jar:/home/marcus/.m2/repository/org/springframework/boot/spring-boot-starter-test/2.6.4/spring-boot-starter-test-2.6.4.jar:/home/marcus/.m2/repository/org/springframework/boot/spring-boot-test/2.6.4/spring-boot-test-2.6.4.jar:/home/marcus/.m2/repository/org/springframework/boot/spring-boot-test-autoconfigure/2.6.4/spring-boot-test-autoconfigure-2.6.4.jar:/home/marcus/.m2/repository/com/jayway/jsonpath/json-path/2.6.0/json-path-2.6.0.jar:/home/marcus/.m2/repository/net/minidev/json-smart/2.4.8/json-smart-2.4.8.jar:/home/marcus/.m2/repository/net/minidev/accessors-smart/2.4.8/accessors-smart-2.4.8.jar:/home/marcus/.m2/repository/org/ow2/asm/asm/9.1/asm-9.1.jar:/home/marcus/.m2/repository/jakarta/xml/bind/jakarta.xml.bind-api/2.3.3/jakarta.xml.bind-api-2.3.3.jar:/home/marcus/.m2/repository/jakarta/activation/jakarta.activation-api/1.2.2/jakarta.activation-api-1.2.2.jar:/home/marcus/.m2/repository/org/assertj/assertj-core/3.21.0/assertj-core-3.21.0.jar:/home/marcus/.m2/repository/org/hamcrest/hamcrest/2.2/hamcrest-2.2.jar:/home/marcus/.m2/repository/org/junit/jupiter/junit-jupiter/5.8.2/junit-jupiter-5.8.2.jar:/home/marcus/.m2/repository/org/junit/jupiter/junit-jupiter-api/5.8.2/junit-jupiter-api-5.8.2.jar:/home/marcus/.m2/repository/org/opentest4j/opentest4j/1.2.0/opentest4j-1.2.0.jar:/home/marcus/.m2/repository/org/junit/platform/junit-platform-commons/1.8.2/junit-platform-commons-1.8.2.jar:/home/marcus/.m2/repository/org/apiguardian/apiguardian-api/1.1.2/apiguardian-api-1.1.2.jar:/home/marcus/.m2/repository/org/junit/jupiter/junit-jupiter-params/5.8.2/junit-jupiter-params-5.8.2.jar:/home/marcus/.m2/repository/org/junit/jupiter/junit-jupiter-engine/5.8.2/junit-jupiter-engine-5.8.2.jar:/home/marcus/.m2/repository/org/junit/platform/junit-platform-engine/1.8.2/junit-platform-engine-1.8.2.jar:/home/marcus/.m2/repository/org/mockito/mockito-core/4.0.0/mockito-core-4.0.0.jar:/home/marcus/.m2/repository/net/bytebuddy/byte-buddy/1.11.22/byte-buddy-1.11.22.jar:/home/marcus/.m2/repository/net/bytebuddy/byte-buddy-agent/1.11.22/byte-buddy-agent-1.11.22.jar:/home/marcus/.m2/repository/org/objenesis/objenesis/3.2/objenesis-3.2.jar:/home/marcus/.m2/repository/org/mockito/mockito-junit-jupiter/4.0.0/mockito-junit-jupiter-4.0.0.jar:/home/marcus/.m2/repository/org/skyscreamer/jsonassert/1.5.0/jsonassert-1.5.0.jar:/home/marcus/.m2/repository/com/vaadin/external/google/android-json/0.0.20131108.vaadin1/android-json-0.0.20131108.vaadin1.jar:/home/marcus/.m2/repository/org/springframework/spring-core/5.3.16/spring-core-5.3.16.jar:/home/marcus/.m2/repository/org/springframework/spring-jcl/5.3.16/spring-jcl-5.3.16.jar:/home/marcus/.m2/repository/org/springframework/spring-test/5.3.16/spring-test-5.3.16.jar:/home/marcus/.m2/repository/org/xmlunit/xmlunit-core/2.8.4/xmlunit-core-2.8.4.jar:"/>
    <property name="sun.cpu.endian" value="little"/>
    <property name="user.home" value="/home/marcus"/>
    <property name="user.language" value="pt"/>
    <property name="java.specification.vendor" value="Oracle Corporation"/>
    <property name="java.version.date" value="2021-10-19"/>
    <property name="java.home" value="/home/marcus/graalvm-ce-java17-21.3.0/graalvm-ce-java17-21.3.0"/>
    <property name="file.separator" value="/"/>
    <property name="basedir" value="/home/marcus/Documentos/Evoluum/Localidades"/>
    <property name="java.vm.compressedOopsMode" value="Zero based"/>
    <property name="jdk.internal.vm.ci.enabled" value="true"/>
    <property name="line.separator" value="&#10;"/>
    <property name="java.specification.name" value="Java Platform API Specification"/>
    <property name="java.vm.specification.vendor" value="Oracle Corporation"/>
    <property name="surefire.real.class.path" value="/home/marcus/Documentos/Evoluum/Localidades/target/surefire/surefirebooter9268932075392356420.jar"/>
    <property name="sun.management.compiler" value="HotSpot 64-Bit Tiered Compilers"/>
    <property name="java.runtime.version" value="17.0.1+12-jvmci-21.3-b05"/>
    <property name="user.name" value="marcus"/>
    <property name="path.separator" value=":"/>
    <property name="os.version" value="5.16.11-76051611-generic"/>
    <property name="java.runtime.name" value="OpenJDK Runtime Environment"/>
    <property name="file.encoding" value="UTF-8"/>
    <property name="java.vm.name" value="OpenJDK 64-Bit Server VM"/>
    <property name="java.vendor.version" value="GraalVM CE 21.3.0"/>
    <property name="localRepository" value="/home/marcus/.m2/repository"/>
    <property name="java.vendor.url.bug" value="https://github.com/oracle/graal/issues"/>
    <property name="java.io.tmpdir" value="/tmp"/>
    <property name="idea.version" value="2021.3.2"/>
    <property name="java.version" value="17.0.1"/>
    <property name="user.dir" value="/home/marcus/Documentos/Evoluum/Localidades"/>
    <property name="os.arch" value="amd64"/>
    <property name="java.vm.specification.name" value="Java Virtual Machine Specification"/>
    <property name="native.encoding" value="UTF-8"/>
    <property name="java.library.path" value="/usr/java/packages/lib:/usr/lib64:/lib64:/lib:/usr/lib"/>
    <property name="java.vm.info" value="mixed mode, sharing"/>
    <property name="java.vendor" value="GraalVM Community"/>
    <property name="java.vm.version" value="17.0.1+12-jvmci-21.3-b05"/>
    <property name="sun.io.unicode.encoding" value="UnicodeLittle"/>
    <property name="java.class.version" value="61.0"/>
  </properties>
  <testcase name="givenDataArray_whenConvertToCSV_thenOutputCreated" classname="com.evoluum.localidades.service.ServiceLocationsTest" time="0.011"/>
</testsuite>